<?xml version="1.0" encoding="UTF-8"?>
<!-- Generated by org.testng.reporters.JUnitReportReporter -->
<testsuite hostname="DESKTOP-E3UIEB7" name="garbage.Test5" tests="2" failures="0" timestamp="20 Aug 2020 16:02:49 GMT" time="18.939" errors="0">
  <testcase name="navigateGoogle" time="10.634" classname="garbage.Test5"/>
  <testcase name="navigateBing" time="8.305" classname="garbage.Test5"/>
</testsuite> <!-- garbage.Test5 -->
