<?xml version="1.0" encoding="UTF-8"?>
<!-- Generated by org.testng.reporters.JUnitReportReporter -->
<testsuite hostname="DESKTOP-E3UIEB7" name="navigate.Navigate2" tests="1" failures="0" timestamp="26 Aug 2020 14:44:21 GMT" time="16.721" errors="0">
  <testcase name="chrome" time="16.721" classname="navigate.Navigate2"/>
</testsuite> <!-- navigate.Navigate2 -->
