<?xml version="1.0" encoding="UTF-8"?>
<!-- Generated by org.testng.reporters.JUnitReportReporter -->
<testsuite hostname="DESKTOP-E3UIEB7" name="navigate.Navigate" tests="1" failures="0" timestamp="14 Aug 2020 20:57:03 GMT" time="9.245" errors="0">
  <testcase name="chrome" time="9.245" classname="navigate.Navigate"/>
</testsuite> <!-- navigate.Navigate -->
