<?xml version="1.0" encoding="UTF-8"?>
<!-- Generated by org.testng.reporters.JUnitReportReporter -->
<testsuite hostname="DESKTOP-E3UIEB7" name="garbage.Test5" tests="2" failures="0" timestamp="27 Aug 2020 17:01:54 GMT" time="62.332" errors="0">
  <testcase name="navigateGoogle" time="42.308" classname="garbage.Test5"/>
  <testcase name="navigateBing" time="20.024" classname="garbage.Test5"/>
</testsuite> <!-- garbage.Test5 -->
