<?xml version="1.0" encoding="UTF-8"?>
<!-- Generated by org.testng.reporters.JUnitReportReporter -->
<testsuite hostname="kali" failures="0" tests="1" name="selenium22tips.All22Tips" time="6.752" errors="0" timestamp="2021-05-03T21:08:02 IST" skipped="0">
  <testcase classname="selenium22tips.All22Tips" name="a" time="6.752"/>
  <system-out/>
</testsuite> <!-- selenium22tips.All22Tips -->
