<?xml version="1.0" encoding="UTF-8"?>
<!-- Generated by org.testng.reporters.JUnitReportReporter -->
<testsuite hostname="DESKTOP-E3UIEB7" name="navigate.CrossbrowserParrallel" tests="3" failures="0" timestamp="14 Aug 2020 06:28:44 GMT" time="6.125" errors="1">
  <testcase name="test1" time="1.590" classname="navigate.CrossbrowserParrallel"/>
  <testcase name="test1" time="4.534" classname="navigate.CrossbrowserParrallel"/>
  <testcase name="test1" time="0.001" classname="navigate.CrossbrowserParrallel">
    <error type="io.github.bonigarcia.wdm.config.WebDriverManagerException" message="io.github.bonigarcia.wdm.config.WebDriverManagerException: msedgedriver 84.0.522.59 for WIN 64 not found in https://msedgedriver.azureedge.net/">
      <![CDATA[io.github.bonigarcia.wdm.config.WebDriverManagerException: io.github.bonigarcia.wdm.config.WebDriverManagerException: msedgedriver 84.0.522.59 for WIN 64 not found in https://msedgedriver.azureedge.net/
	at io.github.bonigarcia.wdm.WebDriverManager.handleException(WebDriverManager.java:725)
	at io.github.bonigarcia.wdm.WebDriverManager.manage(WebDriverManager.java:531)
	at io.github.bonigarcia.wdm.WebDriverManager.handleException(WebDriverManager.java:722)
	at io.github.bonigarcia.wdm.WebDriverManager.manage(WebDriverManager.java:531)
	at io.github.bonigarcia.wdm.WebDriverManager.setup(WebDriverManager.java:277)
	at navigate.CrossbrowserParrallel.setUpMethod(CrossbrowserParrallel.java:65)
	at sun.reflect.NativeMethodAccessorImpl.invoke0(Native Method)
	at sun.reflect.NativeMethodAccessorImpl.invoke(Unknown Source)
	at sun.reflect.DelegatingMethodAccessorImpl.invoke(Unknown Source)
	at java.lang.reflect.Method.invoke(Unknown Source)
	at org.testng.internal.MethodInvocationHelper.invokeMethod(MethodInvocationHelper.java:86)
	at org.testng.internal.Invoker.invokeConfigurationMethod(Invoker.java:514)
	at org.testng.internal.Invoker.invokeConfigurations(Invoker.java:215)
	at org.testng.internal.Invoker.invokeConfigurations(Invoker.java:142)
	at org.testng.internal.TestMethodWorker.invokeBeforeClassMethods(TestMethodWorker.java:178)
	at org.testng.internal.TestMethodWorker.run(TestMethodWorker.java:108)
	at org.testng.TestRunner.privateRun(TestRunner.java:782)
	at org.testng.TestRunner.run(TestRunner.java:632)
	at org.testng.SuiteRunner.runTest(SuiteRunner.java:366)
	at org.testng.SuiteRunner.access$000(SuiteRunner.java:39)
	at org.testng.SuiteRunner$SuiteWorker.run(SuiteRunner.java:400)
	at org.testng.internal.thread.ThreadUtil$2.call(ThreadUtil.java:64)
	at java.util.concurrent.FutureTask.run(Unknown Source)
	at java.util.concurrent.ThreadPoolExecutor.runWorker(Unknown Source)
	at java.util.concurrent.ThreadPoolExecutor$Worker.run(Unknown Source)
	at java.lang.Thread.run(Unknown Source)
Caused by: io.github.bonigarcia.wdm.config.WebDriverManagerException: msedgedriver 84.0.522.59 for WIN 64 not found in https://msedgedriver.azureedge.net/
	at io.github.bonigarcia.wdm.WebDriverManager.noCandidateUrlFound(WebDriverManager.java:607)
	at io.github.bonigarcia.wdm.WebDriverManager.createUrlHandler(WebDriverManager.java:756)
	at io.github.bonigarcia.wdm.WebDriverManager.download(WebDriverManager.java:593)
	at io.github.bonigarcia.wdm.WebDriverManager.manage(WebDriverManager.java:525)
	... 24 more
]]>
    </error>
  </testcase> <!-- test1 -->
</testsuite> <!-- navigate.CrossbrowserParrallel -->
