<?xml version="1.0" encoding="UTF-8"?>
<!-- Generated by org.testng.reporters.JUnitReportReporter -->
<testsuite hostname="DESKTOP-E3UIEB7" name="lib.FileUtility" tests="1" failures="0" timestamp="15 Aug 2020 09:14:09 GMT" time="0.643" errors="0">
  <testcase name="getTimeStamp" time="0.643" classname="lib.FileUtility"/>
</testsuite> <!-- lib.FileUtility -->
