<?xml version="1.0" encoding="UTF-8"?>
<!-- Generated by org.testng.reporters.JUnitReportReporter -->
<testsuite hostname="DESKTOP-E3UIEB7" name="selenium22tips.All22Tips" tests="1" failures="0" timestamp="17 Aug 2020 16:19:51 GMT" time="7.597" errors="0">
  <testcase name="open" time="7.597" classname="selenium22tips.All22Tips"/>
</testsuite> <!-- selenium22tips.All22Tips -->
