<?xml version="1.0" encoding="UTF-8"?>
<!-- Generated by org.testng.reporters.JUnitReportReporter -->
<testsuite hostname="DESKTOP-E3UIEB7" name="executionTime.NanoTime" tests="1" failures="0" timestamp="1 Jul 2020 05:26:12 GMT" time="6.018" errors="0">
  <testcase name="test1" time="6.018" classname="executionTime.NanoTime"/>
</testsuite> <!-- executionTime.NanoTime -->
