<?xml version="1.0" encoding="UTF-8"?>
<!-- Generated by org.testng.reporters.JUnitReportReporter -->
<testsuite hostname="kali" failures="0" tests="1" name="navigate.Navigate" time="17.094" errors="0" timestamp="24 Mar 2021 09:18:07 GMT">
  <testcase classname="navigate.Navigate" name="chrome" time="17.094"/>
</testsuite> <!-- navigate.Navigate -->
