<?xml version="1.0" encoding="UTF-8"?>
<!-- Generated by org.testng.reporters.JUnitReportReporter -->
<testsuite hostname="DESKTOP-E3UIEB7" name="selenium22tips.All22Tips" tests="1" failures="0" timestamp="15 Aug 2020 15:05:44 GMT" time="11.398" errors="0">
  <testcase name="jsFunc" time="11.398" classname="selenium22tips.All22Tips"/>
</testsuite> <!-- selenium22tips.All22Tips -->
