<?xml version="1.0" encoding="UTF-8"?>
<!-- Generated by org.testng.reporters.JUnitReportReporter -->
<testsuite hostname="DESKTOP-E3UIEB7" name="navigate.Navigate2" tests="1" failures="0" timestamp="14 Aug 2020 17:36:12 GMT" time="9.794" errors="0">
  <testcase name="chrome" time="9.794" classname="navigate.Navigate2"/>
</testsuite> <!-- navigate.Navigate2 -->
