<?xml version="1.0" encoding="UTF-8"?>
<!-- Generated by org.testng.reporters.JUnitReportReporter -->
<testsuite hostname="DESKTOP-E3UIEB7" name="com.selenium.LaunchGoogle" tests="1" failures="0" timestamp="6 Mar 2021 14:09:13 GMT" time="19.424" errors="0">
  <testcase name="launchGooge" time="19.424" classname="com.selenium.LaunchGoogle"/>
</testsuite> <!-- com.selenium.LaunchGoogle -->
